<?xml version="1.0" encoding="UTF-8"?>
<!-- Generated by org.testng.reporters.JUnitReportReporter -->
<testsuite hostname="DESKTOP-LQTDUQR" failures="0" tests="4" name="testNGKeywords.PriorityTest" time="0.017" errors="0" timestamp="2024-07-23T23:47:41 IST" skipped="0">
  <testcase classname="testNGKeywords.PriorityTest" name="d" time="0.011">
    <system-out>
      <![CDATA[D method is running]]>
    </system-out>
  </testcase> <!-- d -->
  <testcase classname="testNGKeywords.PriorityTest" name="a" time="0.002">
    <system-out>
      <![CDATA[a method is running]]>
    </system-out>
  </testcase> <!-- a -->
  <testcase classname="testNGKeywords.PriorityTest" name="c" time="0.002">
    <system-out>
      <![CDATA[C method is running]]>
    </system-out>
  </testcase> <!-- c -->
  <testcase classname="testNGKeywords.PriorityTest" name="b" time="0.002">
    <system-out>
      <![CDATA[B method is running]]>
    </system-out>
  </testcase> <!-- b -->
  <system-out>
    <![CDATA[D method is running
a method is running
C method is running
B method is running]]>
  </system-out>
</testsuite> <!-- testNGKeywords.PriorityTest -->
