<?xml version="1.0" encoding="UTF-8"?>
<!-- Generated by org.testng.reporters.JUnitReportReporter -->
<testsuite hostname="DESKTOP-LQTDUQR" failures="0" tests="3" name="dataproviders.FBSignUp" time="32.955" errors="0" timestamp="2024-07-31T14:26:26 IST" skipped="0">
  <testcase classname="dataproviders.FBSignUp" name="f" time="9.414"/>
  <testcase classname="dataproviders.FBSignUp" name="f" time="11.977"/>
  <testcase classname="dataproviders.FBSignUp" name="f" time="11.564"/>
</testsuite> <!-- dataproviders.FBSignUp -->
