<?xml version="1.0" encoding="UTF-8"?>
<!-- Generated by org.testng.reporters.JUnitReportReporter -->
<testsuite hostname="DESKTOP-LQTDUQR" failures="0" tests="1" name="coverFox.CoverFoxTC1" time="4.082" errors="0" timestamp="2024-08-08T14:37:52 IST" skipped="0">
  <testcase classname="coverFox.CoverFoxTC1" name="validateBanners" time="4.082"/>
</testsuite> <!-- coverFox.CoverFoxTC1 -->
