<?xml version="1.0" encoding="UTF-8"?>
<!-- Generated by org.testng.reporters.JUnitReportReporter -->
<testsuite hostname="DESKTOP-LQTDUQR" failures="0" tests="2" name="testNG.BeforeAfterClass" time="0.013" errors="0" timestamp="2024-07-23T23:43:19 IST" skipped="0">
  <testcase classname="testNG.BeforeAfterClass" name="f1" time="0.004">
    <system-out>
      <![CDATA[test method 1 is running]]>
    </system-out>
  </testcase> <!-- f1 -->
  <testcase classname="testNG.BeforeAfterClass" name="f" time="0.009">
    <system-out>
      <![CDATA[test method is running]]>
    </system-out>
  </testcase> <!-- f -->
  <system-out>
    <![CDATA[before class is running
before method is running
test method is running
after method is running
before method is running
test method 1 is running
after method is running
after class is running]]>
  </system-out>
</testsuite> <!-- testNG.BeforeAfterClass -->
