<?xml version="1.0" encoding="UTF-8"?>
<!-- Generated by org.testng.reporters.JUnitReportReporter -->
<testsuite hostname="DESKTOP-LQTDUQR" failures="0" tests="3" name="testNGKeywords.EnabledTest" time="0.019" errors="0" timestamp="2024-07-23T23:50:40 IST" skipped="0">
  <testcase classname="testNGKeywords.EnabledTest" name="a" time="0.013">
    <system-out>
      <![CDATA[A is running]]>
    </system-out>
  </testcase> <!-- a -->
  <testcase classname="testNGKeywords.EnabledTest" name="c" time="0.004">
    <system-out>
      <![CDATA[C is running]]>
    </system-out>
  </testcase> <!-- c -->
  <testcase classname="testNGKeywords.EnabledTest" name="b" time="0.002">
    <system-out>
      <![CDATA[B is running]]>
    </system-out>
  </testcase> <!-- b -->
  <system-out>
    <![CDATA[A is running
B is running
C is running]]>
  </system-out>
</testsuite> <!-- testNGKeywords.EnabledTest -->
