<?xml version="1.0" encoding="UTF-8"?>
<!-- Generated by org.testng.reporters.JUnitReportReporter -->
<testsuite hostname="DESKTOP-LQTDUQR" failures="0" tests="4" name="testNGXML.NewTest1" time="0.017" errors="0" timestamp="2024-07-24T00:03:53 IST" skipped="0">
  <testcase classname="testNGXML.NewTest1" name="a" time="0.012">
    <system-out>
      <![CDATA[a method is running]]>
    </system-out>
  </testcase> <!-- a -->
  <testcase classname="testNGXML.NewTest1" name="b" time="0.001">
    <system-out>
      <![CDATA[B method is running]]>
    </system-out>
  </testcase> <!-- b -->
  <testcase classname="testNGXML.NewTest1" name="c" time="0.002">
    <system-out>
      <![CDATA[C method is running]]>
    </system-out>
  </testcase> <!-- c -->
  <testcase classname="testNGXML.NewTest1" name="d" time="0.002">
    <system-out>
      <![CDATA[D method is running]]>
    </system-out>
  </testcase> <!-- d -->
  <system-out>
    <![CDATA[a method is running
B method is running
C method is running
D method is running]]>
  </system-out>
</testsuite> <!-- testNGXML.NewTest1 -->
