<?xml version="1.0" encoding="UTF-8"?>
<!-- Generated by org.testng.reporters.JUnitReportReporter -->
<testsuite hostname="DESKTOP-LQTDUQR" failures="0" tests="1" name="testNG.NewTest" time="0.013" errors="0" timestamp="2024-07-23T23:05:29 IST" skipped="0">
  <testcase classname="testNG.NewTest" name="f" time="0.013"/>
</testsuite> <!-- testNG.NewTest -->
