<?xml version="1.0" encoding="UTF-8"?>
<!-- Generated by org.testng.reporters.JUnitReportReporter -->
<testsuite hostname="DESKTOP-LQTDUQR" failures="0" tests="1" name="coverFoxUsingPOMandExcel.CoverFoxTC1" time="4.069" errors="0" timestamp="2024-08-02T15:52:35 IST" skipped="0">
  <testcase classname="coverFoxUsingPOMandExcel.CoverFoxTC1" name="validateBanners" time="4.069"/>
</testsuite> <!-- coverFoxUsingPOMandExcel.CoverFoxTC1 -->
